n_bins_max = 1000
n_bins_max_out = 100
fname_ini = /Users/saavik/test_mcfacts/scripts/../recipes/model_choice.ini
fname_output_mergers = output_mergers.dat
fname_snapshots_bh = output_bh_[single|binary]_$(index).dat
no_snapshots = False
verbose = False
work_directory = /Users/saavik/test_mcfacts
seed = 689645856769128038
fname_log = out.log
mass_smbh = 100000000.0
disk_model_name = sirko_goodman
trap_radius = 700.0
disk_outer_radius = 49891.89
alpha = 0.01
r_nsc_out = 5.0
M_nsc = 30000000.0
r_nsc_crit = 0.25
nbh_nstar_ratio = 0.001
mbh_mstar_ratio = 10.0
nsc_index_inner = 1.75
nsc_index_outer = 2.5
h_disk_average = 0.03
mode_mbh_init = 10.0
mbh_powerlaw_index = 2.0
max_initial_bh_mass = 40.0
mu_spin_distribution = 0.0
sigma_spin_distribution = 0.1
spin_torque_condition = 0.1
frac_Eddington_ratio = 1.0
max_initial_eccentricity = 0.3
timestep = 10000.0
number_of_timesteps = 100
n_iterations = 1
retro = 0
feedback = 0
orb_ecc_damping = 1
capture_time = 100000.0
outer_capture_radius = 1000.0
crit_ecc = 0.01
dynamic_enc = 0
de = 0.1
disk_inner_radius = 5.662784
disk_model_radius_array = [5.662784e+00 5.675838e+00 5.688922e+00 ... 4.966266e+04 4.977715e+04
 4.989189e+04]
surface_density_array = [54313.11 54411.71 54510.67 ... 47454.49 47292.81 47131.68]
aspect_ratio_array = [0.2300301  0.2299148  0.2297982  ... 0.03946624 0.03951137 0.03955656]
runtime_directory = /Users/saavik/test_mcfacts/scripts
